# JRE version: Java(TM) SE Runtime Environment (13.0.2+8) (build 13.0.2+8)
# Java VM: Java HotSpot(TM) 64-Bit Server VM (13.0.2+8, mixed mode, sharing, tiered, compressed oops, parallel gc, windows-amd64)
Heap:
 PSYoungGen      total 15360K, used 14830K [0x00000000eab00000, 0x00000000ec100000, 0x0000000100000000)
  eden space 13824K, 96% used [0x00000000eab00000,0x00000000eb803868,0x00000000eb880000)
  from space 1536K, 97% used [0x00000000ebf00000,0x00000000ec078010,0x00000000ec080000)
  to   space 512K, 0% used [0x00000000ec080000,0x00000000ec080000,0x00000000ec100000)
 ParOldGen       total 243200K, used 170397K [0x00000000c0000000, 0x00000000ced80000, 0x00000000eab00000)
  object space 243200K, 70% used [0x00000000c0000000,0x00000000ca6676c0,0x00000000ced80000)
 Metaspace       used 45302K, capacity 47802K, committed 47960K, reserved 1091584K
  class space    used 4788K, capacity 5669K, committed 5760K, reserved 1048576K
GC Heap History (20 events):
Event: 38.576 GC heap before
{Heap before GC invocations=172 (full 10):
 PSYoungGen      total 15872K, used 15847K [0x00000000eab00000, 0x00000000ed100000, 0x0000000100000000)
  eden space 11776K, 100% used [0x00000000eab00000,0x00000000eb680000,0x00000000eb680000)
  from space 4096K, 99% used [0x00000000eb680000,0x00000000eba79e30,0x00000000eba80000)
  to   space 12800K, 0% used [0x00000000ec480000,0x00000000ec480000,0x00000000ed100000)
 ParOldGen       total 330240K, used 290581K [0x00000000c0000000, 0x00000000d4280000, 0x00000000eab00000)
  object space 330240K, 87% used [0x00000000c0000000,0x00000000d1bc5638,0x00000000d4280000)
 Metaspace       used 42448K, capacity 44615K, committed 44760K, reserved 1089536K
  class space    used 4492K, capacity 5315K, committed 5376K, reserved 1048576K
}
Event: 38.593 GC heap after
{Heap after GC invocations=172 (full 10):
 PSYoungGen      total 24576K, used 12798K [0x00000000eab00000, 0x00000000ed100000, 0x0000000100000000)
  eden space 11776K, 0% used [0x00000000eab00000,0x00000000eab00000,0x00000000eb680000)
  from space 12800K, 99% used [0x00000000ec480000,0x00000000ed0ffa00,0x00000000ed100000)
  to   space 4096K, 0% used [0x00000000eb680000,0x00000000eb680000,0x00000000eba80000)
 ParOldGen       total 330240K, used 293201K [0x00000000c0000000, 0x00000000d4280000, 0x00000000eab00000)
  object space 330240K, 88% used [0x00000000c0000000,0x00000000d1e54478,0x00000000d4280000)
 Metaspace       used 42448K, capacity 44615K, committed 44760K, reserved 1089536K
  class space    used 4492K, capacity 5315K, committed 5376K, reserved 1048576K
}
Event: 38.825 GC heap before
{Heap before GC invocations=173 (full 10):
 PSYoungGen      total 24576K, used 24574K [0x00000000eab00000, 0x00000000ed100000, 0x0000000100000000)
  eden space 11776K, 100% used [0x00000000eab00000,0x00000000eb680000,0x00000000eb680000)
  from space 12800K, 99% used [0x00000000ec480000,0x00000000ed0ffa00,0x00000000ed100000)
  to   space 4096K, 0% used [0x00000000eb680000,0x00000000eb680000,0x00000000eba80000)
 ParOldGen       total 330240K, used 293201K [0x00000000c0000000, 0x00000000d4280000, 0x00000000eab00000)
  object space 330240K, 88% used [0x00000000c0000000,0x00000000d1e54478,0x00000000d4280000)
 Metaspace       used 42448K, capacity 44615K, committed 44760K, reserved 1089536K
  class space    used 4492K, capacity 5315K, committed 5376K, reserved 1048576K
}
Event: 38.848 GC heap after
{Heap after GC invocations=173 (full 10):
 PSYoungGen      total 15872K, used 4074K [0x00000000eab00000, 0x00000000ed100000, 0x0000000100000000)
  eden space 11776K, 0% used [0x00000000eab00000,0x00000000eab00000,0x00000000eb680000)
  from space 4096K, 99% used [0x00000000eb680000,0x00000000eba7aba8,0x00000000eba80000)
  to   space 12800K, 0% used [0x00000000ec480000,0x00000000ec480000,0x00000000ed100000)
 ParOldGen       total 330240K, used 310296K [0x00000000c0000000, 0x00000000d4280000, 0x00000000eab00000)
  object space 330240K, 93% used [0x00000000c0000000,0x00000000d2f06018,0x00000000d4280000)
 Metaspace       used 42448K, capacity 44615K, committed 44760K, reserved 1089536K
  class space    used 4492K, capacity 5315K, committed 5376K, reserved 1048576K
}
Event: 39.451 GC heap before
{Heap before GC invocations=174 (full 10):
 PSYoungGen      total 15872K, used 15850K [0x00000000eab00000, 0x00000000ed100000, 0x0000000100000000)
  eden space 11776K, 100% used [0x00000000eab00000,0x00000000eb680000,0x00000000eb680000)
  from space 4096K, 99% used [0x00000000eb680000,0x00000000eba7aba8,0x00000000eba80000)
  to   space 12800K, 0% used [0x00000000ec480000,0x00000000ec480000,0x00000000ed100000)
 ParOldGen       total 330240K, used 310296K [0x00000000c0000000, 0x00000000d4280000, 0x00000000eab00000)
  object space 330240K, 93% used [0x00000000c0000000,0x00000000d2f06018,0x00000000d4280000)
 Metaspace       used 42448K, capacity 44615K, committed 44760K, reserved 1089536K
  class space    used 4492K, capacity 5315K, committed 5376K, reserved 1048576K
}
Event: 39.475 GC heap after
{Heap after GC invocations=174 (full 10):
 PSYoungGen      total 23552K, used 11305K [0x00000000eab00000, 0x00000000ed580000, 0x0000000100000000)
  eden space 10752K, 0% used [0x00000000eab00000,0x00000000eab00000,0x00000000eb580000)
  from space 12800K, 88% used [0x00000000ec480000,0x00000000ecf8a588,0x00000000ed100000)
  to   space 15360K, 0% used [0x00000000eb580000,0x00000000eb580000,0x00000000ec480000)
 ParOldGen       total 330240K, used 314356K [0x00000000c0000000, 0x00000000d4280000, 0x00000000eab00000)
  object space 330240K, 95% used [0x00000000c0000000,0x00000000d32fd0e8,0x00000000d4280000)
 Metaspace       used 42448K, capacity 44615K, committed 44760K, reserved 1089536K
  class space    used 4492K, capacity 5315K, committed 5376K, reserved 1048576K
}
Event: 40.398 GC heap before
{Heap before GC invocations=175 (full 10):
 PSYoungGen      total 23552K, used 22057K [0x00000000eab00000, 0x00000000ed580000, 0x0000000100000000)
  eden space 10752K, 99% used [0x00000000eab00000,0x00000000eb57ffa8,0x00000000eb580000)
  from space 12800K, 88% used [0x00000000ec480000,0x00000000ecf8a588,0x00000000ed100000)
  to   space 15360K, 0% used [0x00000000eb580000,0x00000000eb580000,0x00000000ec480000)
 ParOldGen       total 330240K, used 314356K [0x00000000c0000000, 0x00000000d4280000, 0x00000000eab00000)
  object space 330240K, 95% used [0x00000000c0000000,0x00000000d32fd0e8,0x00000000d4280000)
 Metaspace       used 42474K, capacity 44679K, committed 44760K, reserved 1089536K
  class space    used 4492K, capacity 5315K, committed 5376K, reserved 1048576K
}
Event: 40.440 GC heap after
{Heap after GC invocations=175 (full 10):
 PSYoungGen      total 26112K, used 15352K [0x00000000eab00000, 0x00000000edb80000, 0x0000000100000000)
  eden space 10752K, 0% used [0x00000000eab00000,0x00000000eab00000,0x00000000eb580000)
  from space 15360K, 99% used [0x00000000eb580000,0x00000000ec47e128,0x00000000ec480000)
  to   space 18944K, 0% used [0x00000000ec900000,0x00000000ec900000,0x00000000edb80000)
 ParOldGen       total 330240K, used 316477K [0x00000000c0000000, 0x00000000d4280000, 0x00000000eab00000)
  object space 330240K, 95% used [0x00000000c0000000,0x00000000d350f5f8,0x00000000d4280000)
 Metaspace       used 42474K, capacity 44679K, committed 44760K, reserved 1089536K
  class space    used 4492K, capacity 5315K, committed 5376K, reserved 1048576K
}
Event: 42.238 GC heap before
{Heap before GC invocations=176 (full 10):
 PSYoungGen      total 26112K, used 26101K [0x00000000eab00000, 0x00000000edb80000, 0x0000000100000000)
  eden space 10752K, 99% used [0x00000000eab00000,0x00000000eb57f318,0x00000000eb580000)
  from space 15360K, 99% used [0x00000000eb580000,0x00000000ec47e128,0x00000000ec480000)
  to   space 18944K, 0% used [0x00000000ec900000,0x00000000ec900000,0x00000000edb80000)
 ParOldGen       total 330240K, used 316477K [0x00000000c0000000, 0x00000000d4280000, 0x00000000eab00000)
  object space 330240K, 95% used [0x00000000c0000000,0x00000000d350f5f8,0x00000000d4280000)
 Metaspace       used 43326K, capacity 45479K, committed 45656K, reserved 1089536K
  class space    used 4593K, capacity 5411K, committed 5504K, reserved 1048576K
}
Event: 42.260 GC heap after
{Heap after GC invocations=176 (full 10):
 PSYoungGen      total 14336K, used 2470K [0x00000000eab00000, 0x00000000ecb80000, 0x0000000100000000)
  eden space 11776K, 0% used [0x00000000eab00000,0x00000000eab00000,0x00000000eb680000)
  from space 2560K, 96% used [0x00000000ec900000,0x00000000ecb69870,0x00000000ecb80000)
  to   space 8192K, 0% used [0x00000000ebb80000,0x00000000ebb80000,0x00000000ec380000)
 ParOldGen       total 331264K, used 331023K [0x00000000c0000000, 0x00000000d4380000, 0x00000000eab00000)
  object space 331264K, 99% used [0x00000000c0000000,0x00000000d4343ed0,0x00000000d4380000)
 Metaspace       used 43326K, capacity 45479K, committed 45656K, reserved 1089536K
  class space    used 4593K, capacity 5411K, committed 5504K, reserved 1048576K
}
Event: 42.260 GC heap before
{Heap before GC invocations=177 (full 11):
 PSYoungGen      total 14336K, used 2470K [0x00000000eab00000, 0x00000000ecb80000, 0x0000000100000000)
  eden space 11776K, 0% used [0x00000000eab00000,0x00000000eab00000,0x00000000eb680000)
  from space 2560K, 96% used [0x00000000ec900000,0x00000000ecb69870,0x00000000ecb80000)
  to   space 8192K, 0% used [0x00000000ebb80000,0x00000000ebb80000,0x00000000ec380000)
 ParOldGen       total 331264K, used 331023K [0x00000000c0000000, 0x00000000d4380000, 0x00000000eab00000)
  object space 331264K, 99% used [0x00000000c0000000,0x00000000d4343ed0,0x00000000d4380000)
 Metaspace       used 43326K, capacity 45479K, committed 45656K, reserved 1089536K
  class space    used 4593K, capacity 5411K, committed 5504K, reserved 1048576K
}
Event: 42.373 GC heap after
{Heap after GC invocations=177 (full 11):
 PSYoungGen      total 13312K, used 0K [0x00000000eab00000, 0x00000000ec980000, 0x0000000100000000)
  eden space 12800K, 0% used [0x00000000eab00000,0x00000000eab00000,0x00000000eb780000)
  from space 512K, 0% used [0x00000000ebb80000,0x00000000ebb80000,0x00000000ebc00000)
  to   space 8192K, 0% used [0x00000000ec180000,0x00000000ec180000,0x00000000ec980000)
 ParOldGen       total 243200K, used 170301K [0x00000000c0000000, 0x00000000ced80000, 0x00000000eab00000)
  object space 243200K, 70% used [0x00000000c0000000,0x00000000ca64f6c0,0x00000000ced80000)
 Metaspace       used 43326K, capacity 45479K, committed 45656K, reserved 1089536K
  class space    used 4593K, capacity 5411K, committed 5504K, reserved 1048576K
}
Event: 58.381 GC heap before
{Heap before GC invocations=178 (full 11):
 PSYoungGen      total 13312K, used 12800K [0x00000000eab00000, 0x00000000ec980000, 0x0000000100000000)
  eden space 12800K, 100% used [0x00000000eab00000,0x00000000eb780000,0x00000000eb780000)
  from space 512K, 0% used [0x00000000ebb80000,0x00000000ebb80000,0x00000000ebc00000)
  to   space 8192K, 0% used [0x00000000ec180000,0x00000000ec180000,0x00000000ec980000)
 ParOldGen       total 243200K, used 170301K [0x00000000c0000000, 0x00000000ced80000, 0x00000000eab00000)
  object space 243200K, 70% used [0x00000000c0000000,0x00000000ca64f6c0,0x00000000ced80000)
 Metaspace       used 43579K, capacity 45703K, committed 45912K, reserved 1089536K
  class space    used 4622K, capacity 5443K, committed 5504K, reserved 1048576K
}
Event: 58.385 GC heap after
{Heap after GC invocations=178 (full 11):
 PSYoungGen      total 14848K, used 640K [0x00000000eab00000, 0x00000000ec280000, 0x0000000100000000)
  eden space 13824K, 0% used [0x00000000eab00000,0x00000000eab00000,0x00000000eb880000)
  from space 1024K, 62% used [0x00000000ec180000,0x00000000ec220000,0x00000000ec280000)
  to   space 2560K, 0% used [0x00000000ebd80000,0x00000000ebd80000,0x00000000ec000000)
 ParOldGen       total 243200K, used 170309K [0x00000000c0000000, 0x00000000ced80000, 0x00000000eab00000)
  object space 243200K, 70% used [0x00000000c0000000,0x00000000ca6516c0,0x00000000ced80000)
 Metaspace       used 43579K, capacity 45703K, committed 45912K, reserved 1089536K
  class space    used 4622K, capacity 5443K, committed 5504K, reserved 1048576K
}
Event: 80.798 GC heap before
{Heap before GC invocations=179 (full 11):
 PSYoungGen      total 14848K, used 14464K [0x00000000eab00000, 0x00000000ec280000, 0x0000000100000000)
  eden space 13824K, 100% used [0x00000000eab00000,0x00000000eb880000,0x00000000eb880000)
  from space 1024K, 62% used [0x00000000ec180000,0x00000000ec220000,0x00000000ec280000)
  to   space 2560K, 0% used [0x00000000ebd80000,0x00000000ebd80000,0x00000000ec000000)
 ParOldGen       total 243200K, used 170309K [0x00000000c0000000, 0x00000000ced80000, 0x00000000eab00000)
  object space 243200K, 70% used [0x00000000c0000000,0x00000000ca6516c0,0x00000000ced80000)
 Metaspace       used 43616K, capacity 45767K, committed 45912K, reserved 1089536K
  class space    used 4622K, capacity 5443K, committed 5504K, reserved 1048576K
}
Event: 80.800 GC heap after
{Heap after GC invocations=179 (full 11):
 PSYoungGen      total 16384K, used 960K [0x00000000eab00000, 0x00000000ec200000, 0x0000000100000000)
  eden space 13824K, 0% used [0x00000000eab00000,0x00000000eab00000,0x00000000eb880000)
  from space 2560K, 37% used [0x00000000ebd80000,0x00000000ebe70010,0x00000000ec000000)
  to   space 1536K, 0% used [0x00000000ec080000,0x00000000ec080000,0x00000000ec200000)
 ParOldGen       total 243200K, used 170317K [0x00000000c0000000, 0x00000000ced80000, 0x00000000eab00000)
  object space 243200K, 70% used [0x00000000c0000000,0x00000000ca6536c0,0x00000000ced80000)
 Metaspace       used 43616K, capacity 45767K, committed 45912K, reserved 1089536K
  class space    used 4622K, capacity 5443K, committed 5504K, reserved 1048576K
}
Event: 85.759 GC heap before
{Heap before GC invocations=180 (full 11):
 PSYoungGen      total 16384K, used 14784K [0x00000000eab00000, 0x00000000ec200000, 0x0000000100000000)
  eden space 13824K, 100% used [0x00000000eab00000,0x00000000eb880000,0x00000000eb880000)
  from space 2560K, 37% used [0x00000000ebd80000,0x00000000ebe70010,0x00000000ec000000)
  to   space 1536K, 0% used [0x00000000ec080000,0x00000000ec080000,0x00000000ec200000)
 ParOldGen       total 243200K, used 170317K [0x00000000c0000000, 0x00000000ced80000, 0x00000000eab00000)
  object space 243200K, 70% used [0x00000000c0000000,0x00000000ca6536c0,0x00000000ced80000)
 Metaspace       used 43756K, capacity 45999K, committed 46168K, reserved 1089536K
  class space    used 4632K, capacity 5478K, committed 5504K, reserved 1048576K
}
Event: 85.763 GC heap after
{Heap after GC invocations=180 (full 11):
 PSYoungGen      total 15360K, used 1056K [0x00000000eab00000, 0x00000000ec200000, 0x0000000100000000)
  eden space 13824K, 0% used [0x00000000eab00000,0x00000000eab00000,0x00000000eb880000)
  from space 1536K, 68% used [0x00000000ec080000,0x00000000ec188010,0x00000000ec200000)
  to   space 1536K, 0% used [0x00000000ebf00000,0x00000000ebf00000,0x00000000ec080000)
 ParOldGen       total 243200K, used 170325K [0x00000000c0000000, 0x00000000ced80000, 0x00000000eab00000)
  object space 243200K, 70% used [0x00000000c0000000,0x00000000ca6556c0,0x00000000ced80000)
 Metaspace       used 43756K, capacity 45999K, committed 46168K, reserved 1089536K
  class space    used 4632K, capacity 5478K, committed 5504K, reserved 1048576K
}
Event: 85.963 GC heap before
{Heap before GC invocations=181 (full 11):
 PSYoungGen      total 15360K, used 14880K [0x00000000eab00000, 0x00000000ec200000, 0x0000000100000000)
  eden space 13824K, 99% used [0x00000000eab00000,0x00000000eb87fff0,0x00000000eb880000)
  from space 1536K, 68% used [0x00000000ec080000,0x00000000ec188010,0x00000000ec200000)
  to   space 1536K, 0% used [0x00000000ebf00000,0x00000000ebf00000,0x00000000ec080000)
 ParOldGen       total 243200K, used 170325K [0x00000000c0000000, 0x00000000ced80000, 0x00000000eab00000)
  object space 243200K, 70% used [0x00000000c0000000,0x00000000ca6556c0,0x00000000ced80000)
 Metaspace       used 44446K, capacity 46871K, committed 47064K, reserved 1091584K
  class space    used 4712K, capacity 5614K, committed 5632K, reserved 1048576K
}
Event: 85.966 GC heap after
{Heap after GC invocations=181 (full 11):
 PSYoungGen      total 15360K, used 1504K [0x00000000eab00000, 0x00000000ec100000, 0x0000000100000000)
  eden space 13824K, 0% used [0x00000000eab00000,0x00000000eab00000,0x00000000eb880000)
  from space 1536K, 97% used [0x00000000ebf00000,0x00000000ec078010,0x00000000ec080000)
  to   space 512K, 0% used [0x00000000ec080000,0x00000000ec080000,0x00000000ec100000)
 ParOldGen       total 243200K, used 170397K [0x00000000c0000000, 0x00000000ced80000, 0x00000000eab00000)
  object space 243200K, 70% used [0x00000000c0000000,0x00000000ca6676c0,0x00000000ced80000)
 Metaspace       used 44446K, capacity 46871K, committed 47064K, reserved 1091584K
  class space    used 4712K, capacity 5614K, committed 5632K, reserved 1048576K
}

